<?xml version="1.0" encoding="UTF-8"?>
<!-- Generated by org.testng.reporters.JUnitXMLReporter -->
<testsuite ignored="0" hostname="TYSS-Mohan-Kumar-M" failures="2" tests="5" name="Test" time="74.721" errors="0" timestamp="2023-07-25T19:05:50 IST">
  <testcase classname="yourloga.scripts.Automation_TC_01" name="createaccount" time="23.359"/>
  <testcase classname="yourloga.scripts.Automation_TC_04" name="login" time="0.005">
    <failure type="java.lang.NullPointerException">
      <![CDATA[java.lang.NullPointerException
at org.openqa.selenium.support.pagefactory.DefaultElementLocator.findElement(DefaultElementLocator.java:69)
at org.openqa.selenium.support.pagefactory.internal.LocatingElementHandler.invoke(LocatingElementHandler.java:38)
at com.sun.proxy.$Proxy12.sendKeys(Unknown Source)
at POMClass.LoginorRegister.userlogin(LoginorRegister.java:31)
at yourloga.scripts.Automation_TC_04.login(Automation_TC_04.java:19)
at java.base/java.util.ArrayList.forEach(ArrayList.java:1541)
... Removed 27 stack frames]]>
    </failure>
  </testcase> <!-- login -->
  <testcase classname="yourloga.scripts.Automation_TC_04" name="additemtocart" time="0.002">
    <failure type="java.lang.NullPointerException">
      <![CDATA[java.lang.NullPointerException
at org.openqa.selenium.support.pagefactory.DefaultElementLocator.findElement(DefaultElementLocator.java:69)
at org.openqa.selenium.support.pagefactory.internal.LocatingElementHandler.invoke(LocatingElementHandler.java:38)
at com.sun.proxy.$Proxy12.sendKeys(Unknown Source)
at POMClass.LoginorRegister.userlogin(LoginorRegister.java:31)
at yourloga.scripts.Automation_TC_04.additemtocart(Automation_TC_04.java:25)
at java.base/java.util.ArrayList.forEach(ArrayList.java:1541)
... Removed 27 stack frames]]>
    </failure>
  </testcase> <!-- additemtocart -->
  <testcase classname="yourloga.scripts.Automation_TC_03" name="Account" time="3.501"/>
  <testcase classname="yourloga.scripts.Automation_TC_02" name="login" time="19.199"/>
</testsuite> <!-- Test -->
