<?xml version="1.0" encoding="UTF-8"?>
<testng-results ignored="0" total="2" passed="1" failed="1" skipped="0">
  <reporter-output>
  </reporter-output>
  <suite started-at="2023-07-31T10:47:07 IST" name="Default suite" finished-at="2023-07-31T10:47:20 IST" duration-ms="12813">
    <groups>
    </groups>
    <test started-at="2023-07-31T10:47:07 IST" name="Default test" finished-at="2023-07-31T10:47:20 IST" duration-ms="12813">
      <class name="yourloga.scripts.Automation_TC_04">
        <test-method is-config="true" signature="chromedriverlaunch()[pri:0, instance:yourloga.scripts.Automation_TC_04@581ac8a8]" started-at="2023-07-31T10:47:07 IST" name="chromedriverlaunch" finished-at="2023-07-31T10:47:12 IST" duration-ms="5134" status="PASS">
          <reporter-output>
          </reporter-output>
        </test-method> <!-- chromedriverlaunch -->
        <test-method signature="login()[pri:1, instance:yourloga.scripts.Automation_TC_04@581ac8a8]" started-at="2023-07-31T10:47:12 IST" name="login" finished-at="2023-07-31T10:47:14 IST" duration-ms="1429" status="PASS">
          <reporter-output>
          </reporter-output>
        </test-method> <!-- login -->
        <test-method is-config="true" signature="driverclose()[pri:0, instance:yourloga.scripts.Automation_TC_04@581ac8a8]" started-at="2023-07-31T10:47:14 IST" name="driverclose" finished-at="2023-07-31T10:47:14 IST" duration-ms="149" status="PASS">
          <reporter-output>
          </reporter-output>
        </test-method> <!-- driverclose -->
        <test-method is-config="true" signature="chromedriverlaunch()[pri:0, instance:yourloga.scripts.Automation_TC_04@581ac8a8]" started-at="2023-07-31T10:47:14 IST" name="chromedriverlaunch" finished-at="2023-07-31T10:47:17 IST" duration-ms="3638" status="PASS">
          <reporter-output>
          </reporter-output>
        </test-method> <!-- chromedriverlaunch -->
        <test-method signature="additemtocart()[pri:2, instance:yourloga.scripts.Automation_TC_04@581ac8a8]" started-at="2023-07-31T10:47:17 IST" name="additemtocart" finished-at="2023-07-31T10:47:20 IST" duration-ms="2197" status="FAIL">
          <exception class="java.lang.NullPointerException">
            <full-stacktrace>
              <![CDATA[java.lang.NullPointerException
at Genericutility.Webdriverutility.scrollby(Webdriverutility.java:28)
at POMClass.Productpage.secondrowprod2(Productpage.java:61)
at yourloga.scripts.Automation_TC_04.additemtocart(Automation_TC_04.java:35)
at java.base/jdk.internal.reflect.NativeMethodAccessorImpl.invoke0(Native Method)
at java.base/jdk.internal.reflect.NativeMethodAccessorImpl.invoke(NativeMethodAccessorImpl.java:62)
at java.base/jdk.internal.reflect.DelegatingMethodAccessorImpl.invoke(DelegatingMethodAccessorImpl.java:43)
at java.base/java.lang.reflect.Method.invoke(Method.java:566)
at org.testng.internal.MethodInvocationHelper.invokeMethod(MethodInvocationHelper.java:134)
at org.testng.internal.TestInvoker.invokeMethod(TestInvoker.java:597)
at org.testng.internal.TestInvoker.invokeTestMethod(TestInvoker.java:173)
at org.testng.internal.MethodRunner.runInSequence(MethodRunner.java:46)
at org.testng.internal.TestInvoker$MethodInvocationAgent.invoke(TestInvoker.java:816)
at org.testng.internal.TestInvoker.invokeTestMethods(TestInvoker.java:146)
at org.testng.internal.TestMethodWorker.invokeTestMethods(TestMethodWorker.java:146)
at org.testng.internal.TestMethodWorker.run(TestMethodWorker.java:128)
at java.base/java.util.ArrayList.forEach(ArrayList.java:1541)
at org.testng.TestRunner.privateRun(TestRunner.java:766)
at org.testng.TestRunner.run(TestRunner.java:587)
at org.testng.SuiteRunner.runTest(SuiteRunner.java:384)
at org.testng.SuiteRunner.runSequentially(SuiteRunner.java:378)
at org.testng.SuiteRunner.privateRun(SuiteRunner.java:337)
at org.testng.SuiteRunner.run(SuiteRunner.java:286)
at org.testng.SuiteRunnerWorker.runSuite(SuiteRunnerWorker.java:53)
at org.testng.SuiteRunnerWorker.run(SuiteRunnerWorker.java:96)
at org.testng.TestNG.runSuitesSequentially(TestNG.java:1187)
at org.testng.TestNG.runSuitesLocally(TestNG.java:1109)
at org.testng.TestNG.runSuites(TestNG.java:1039)
at org.testng.TestNG.run(TestNG.java:1007)
at org.testng.remote.AbstractRemoteTestNG.run(AbstractRemoteTestNG.java:115)
at org.testng.remote.RemoteTestNG.initAndRun(RemoteTestNG.java:251)
at org.testng.remote.RemoteTestNG.main(RemoteTestNG.java:77)
]]>
            </full-stacktrace>
          </exception> <!-- java.lang.NullPointerException -->
          <reporter-output>
          </reporter-output>
        </test-method> <!-- additemtocart -->
        <test-method is-config="true" signature="driverclose()[pri:0, instance:yourloga.scripts.Automation_TC_04@581ac8a8]" started-at="2023-07-31T10:47:20 IST" name="driverclose" finished-at="2023-07-31T10:47:20 IST" duration-ms="226" status="PASS">
          <reporter-output>
          </reporter-output>
        </test-method> <!-- driverclose -->
      </class> <!-- yourloga.scripts.Automation_TC_04 -->
    </test> <!-- Default test -->
  </suite> <!-- Default suite -->
</testng-results>
